<?xml version="1.0" encoding="UTF-8"?>
<!-- Generated by org.testng.reporters.JUnitXMLReporter -->
<testsuite ignored="0" hostname="DESKTOP-26941F0" failures="0" tests="3" name="UserTests" time="2.65" errors="0" timestamp="2025-09-01T20:33:32 IRST">
  <testcase classname="tests.UserApiTest" name="testGetUserById" time="2.009"/>
  <testcase classname="tests.UserApiTest" name="testGetUserById" time="0.475"/>
  <testcase classname="tests.UserApiTest" name="testGetUserById2" time="0.0"/>
</testsuite> <!-- UserTests -->
