<?xml version="1.0" encoding="UTF-8"?>
<testng-results ignored="0" total="2" passed="2" failed="0" skipped="0">
  <reporter-output>
  </reporter-output>
  <suite started-at="2025-08-23T16:18:53 GMT+03:30" name="Default Suite" finished-at="2025-08-23T16:18:55 GMT+03:30" duration-ms="2018">
    <groups>
    </groups>
    <test started-at="2025-08-23T16:18:53 GMT+03:30" name="RESTassuresProject" finished-at="2025-08-23T16:18:55 GMT+03:30" duration-ms="2018">
      <class name="ApiTets">
        <test-method signature="Test2()[pri:0, instance:ApiTets@78aab498]" started-at="2025-08-23T16:18:53 GMT+03:30" name="Test2" finished-at="2025-08-23T16:18:55 GMT+03:30" duration-ms="1618" status="PASS">
          <reporter-output>
          </reporter-output>
        </test-method> <!-- Test2 -->
        <test-method signature="test1()[pri:0, instance:ApiTets@78aab498]" started-at="2025-08-23T16:18:55 GMT+03:30" name="test1" finished-at="2025-08-23T16:18:55 GMT+03:30" duration-ms="363" status="PASS">
          <reporter-output>
          </reporter-output>
        </test-method> <!-- test1 -->
      </class> <!-- ApiTets -->
    </test> <!-- RESTassuresProject -->
  </suite> <!-- Default Suite -->
</testng-results>
