<?xml version="1.0" encoding="UTF-8"?>
<testsuite xmlns:xsi="http://www.w3.org/2001/XMLSchema-instance" xsi:noNamespaceSchemaLocation="https://maven.apache.org/surefire/maven-surefire-plugin/xsd/surefire-test-report-3.0.xsd" version="3.0" name="TestSuite" time="11.192" tests="5" errors="0" skipped="0" failures="0">
  <properties>
[...]
</properties>
  <testcase name="testGetUserById[1, Leanne Graham](1)" classname="tests.UserApiTest" time="2.011">
    <system-out><![CDATA[Current thread: userDataProvider   TestNG-tests-1
Current thread: testGetUserByIdTestNG-tests-1
==> 1   Leanne Graham
]]></system-out>
    <system-err><![CDATA[SLF4J(W): No SLF4J providers were found.
SLF4J(W): Defaulting to no-operation (NOP) logger implementation
SLF4J(W): See https://www.slf4j.org/codes.html#noProviders for further details.
]]></system-err>
  </testcase>
  <testcase name="testGetUserById[2, Ervin Howell](2)" classname="tests.UserApiTest" time="0.475">
    <system-out><![CDATA[Current thread: testGetUserByIdTestNG-tests-1
==> 2   Ervin Howell
]]></system-out>
  </testcase>
  <testcase name="testGetUserById2" classname="tests.UserApiTest" time="0.001">
    <system-out><![CDATA[hello
Current thread: testGetUserById2TestNG-tests-1
]]></system-out>
  </testcase>
  <testcase name="sample" classname="tests.ApiTest" time="7.405">
    <system-out><![CDATA[Current thread: testGetProduct    TestNG-tests-3
Current thread: sample    TestNG-tests-2
]]></system-out>
  </testcase>
  <testcase name="testGetProduct" classname="tests.ProductApiTest" time="8.212">
    <system-out><![CDATA[Fjallraven - Foldsack No. 1 Backpack, Fits 15 Laptops
]]></system-out>
  </testcase>
</testsuite>